2020-02-12 18:46:26,240 - parameter_swing.py - ln 93 - TYPE OF LSLA : farm-LUC_farm-displacement.......
2020-02-12 18:46:26,240 - parameter_swing.py - ln 107 -   i = 1/6...
2020-02-12 18:46:26,241 - parameter_swing.py - ln 109 -     j = 1/5...
2020-02-12 18:46:28,819 - parameter_swing.py - ln 109 -     j = 2/5...
2020-02-12 18:46:29,184 - parameter_swing.py - ln 109 -     j = 3/5...
2020-02-12 18:46:29,554 - parameter_swing.py - ln 109 -     j = 4/5...
2020-02-12 18:46:29,890 - parameter_swing.py - ln 109 -     j = 5/5...
2020-02-12 18:46:30,257 - parameter_swing.py - ln 107 -   i = 2/6...
2020-02-12 18:46:30,257 - parameter_swing.py - ln 109 -     j = 1/5...
2020-02-12 18:46:30,593 - parameter_swing.py - ln 109 -     j = 2/5...
2020-02-12 18:46:30,930 - parameter_swing.py - ln 109 -     j = 3/5...
2020-02-12 18:46:31,242 - parameter_swing.py - ln 109 -     j = 4/5...
2020-02-12 18:46:31,525 - parameter_swing.py - ln 109 -     j = 5/5...
2020-02-12 18:46:31,883 - parameter_swing.py - ln 107 -   i = 3/6...
2020-02-12 18:46:31,884 - parameter_swing.py - ln 109 -     j = 1/5...
2020-02-12 18:46:32,265 - parameter_swing.py - ln 109 -     j = 2/5...
2020-02-12 18:46:32,616 - parameter_swing.py - ln 109 -     j = 3/5...
2020-02-12 18:46:32,962 - parameter_swing.py - ln 109 -     j = 4/5...
2020-02-12 18:46:33,322 - parameter_swing.py - ln 109 -     j = 5/5...
2020-02-12 18:46:33,646 - parameter_swing.py - ln 107 -   i = 4/6...
2020-02-12 18:46:33,646 - parameter_swing.py - ln 109 -     j = 1/5...
2020-02-12 18:46:33,991 - parameter_swing.py - ln 109 -     j = 2/5...
2020-02-12 18:46:34,363 - parameter_swing.py - ln 109 -     j = 3/5...
2020-02-12 18:46:34,657 - parameter_swing.py - ln 109 -     j = 4/5...
2020-02-12 18:46:35,004 - parameter_swing.py - ln 109 -     j = 5/5...
2020-02-12 18:46:35,362 - parameter_swing.py - ln 107 -   i = 5/6...
2020-02-12 18:46:35,363 - parameter_swing.py - ln 109 -     j = 1/5...
2020-02-12 18:46:35,707 - parameter_swing.py - ln 109 -     j = 2/5...
2020-02-12 18:46:36,051 - parameter_swing.py - ln 109 -     j = 3/5...
2020-02-12 18:46:36,413 - parameter_swing.py - ln 109 -     j = 4/5...
2020-02-12 18:46:36,771 - parameter_swing.py - ln 109 -     j = 5/5...
2020-02-12 18:46:37,142 - parameter_swing.py - ln 107 -   i = 6/6...
2020-02-12 18:46:37,142 - parameter_swing.py - ln 109 -     j = 1/5...
2020-02-12 18:46:37,476 - parameter_swing.py - ln 109 -     j = 2/5...
2020-02-12 18:46:37,810 - parameter_swing.py - ln 109 -     j = 3/5...
2020-02-12 18:46:38,152 - parameter_swing.py - ln 109 -     j = 4/5...
2020-02-12 18:46:38,509 - parameter_swing.py - ln 109 -     j = 5/5...
2020-02-12 18:46:39,446 - parameter_swing.py - ln 93 - TYPE OF LSLA : farm-LUC_common-displacement.......
2020-02-12 18:46:39,446 - parameter_swing.py - ln 107 -   i = 1/6...
2020-02-12 18:46:39,446 - parameter_swing.py - ln 109 -     j = 1/5...
2020-02-12 18:46:39,739 - parameter_swing.py - ln 109 -     j = 2/5...
2020-02-12 18:46:40,070 - parameter_swing.py - ln 109 -     j = 3/5...
2020-02-12 18:46:40,400 - parameter_swing.py - ln 109 -     j = 4/5...
2020-02-12 18:46:40,738 - parameter_swing.py - ln 109 -     j = 5/5...
2020-02-12 18:46:41,080 - parameter_swing.py - ln 107 -   i = 2/6...
2020-02-12 18:46:41,080 - parameter_swing.py - ln 109 -     j = 1/5...
2020-02-12 18:46:41,388 - parameter_swing.py - ln 109 -     j = 2/5...
2020-02-12 18:46:41,713 - parameter_swing.py - ln 109 -     j = 3/5...
2020-02-12 18:46:42,045 - parameter_swing.py - ln 109 -     j = 4/5...
2020-02-12 18:46:42,369 - parameter_swing.py - ln 109 -     j = 5/5...
2020-02-12 18:46:42,685 - parameter_swing.py - ln 107 -   i = 3/6...
2020-02-12 18:46:42,685 - parameter_swing.py - ln 109 -     j = 1/5...
2020-02-12 18:46:42,989 - parameter_swing.py - ln 109 -     j = 2/5...
2020-02-12 18:46:43,330 - parameter_swing.py - ln 109 -     j = 3/5...
2020-02-12 18:46:43,682 - parameter_swing.py - ln 109 -     j = 4/5...
2020-02-12 18:46:43,990 - parameter_swing.py - ln 109 -     j = 5/5...
2020-02-12 18:46:44,317 - parameter_swing.py - ln 107 -   i = 4/6...
2020-02-12 18:46:44,317 - parameter_swing.py - ln 109 -     j = 1/5...
2020-02-12 18:46:44,598 - parameter_swing.py - ln 109 -     j = 2/5...
2020-02-12 18:46:44,899 - parameter_swing.py - ln 109 -     j = 3/5...
2020-02-12 18:46:45,228 - parameter_swing.py - ln 109 -     j = 4/5...
2020-02-12 18:46:45,549 - parameter_swing.py - ln 109 -     j = 5/5...
2020-02-12 18:46:45,870 - parameter_swing.py - ln 107 -   i = 5/6...
2020-02-12 18:46:45,870 - parameter_swing.py - ln 109 -     j = 1/5...
2020-02-12 18:46:46,211 - parameter_swing.py - ln 109 -     j = 2/5...
2020-02-12 18:46:46,505 - parameter_swing.py - ln 109 -     j = 3/5...
2020-02-12 18:46:46,810 - parameter_swing.py - ln 109 -     j = 4/5...
2020-02-12 18:46:47,111 - parameter_swing.py - ln 109 -     j = 5/5...
2020-02-12 18:46:47,465 - parameter_swing.py - ln 107 -   i = 6/6...
2020-02-12 18:46:47,465 - parameter_swing.py - ln 109 -     j = 1/5...
2020-02-12 18:46:47,765 - parameter_swing.py - ln 109 -     j = 2/5...
2020-02-12 18:46:48,094 - parameter_swing.py - ln 109 -     j = 3/5...
2020-02-12 18:46:48,423 - parameter_swing.py - ln 109 -     j = 4/5...
2020-02-12 18:46:48,784 - parameter_swing.py - ln 109 -     j = 5/5...
2020-02-12 18:46:49,637 - parameter_swing.py - ln 93 - TYPE OF LSLA : common-LUC.......
2020-02-12 18:46:49,637 - parameter_swing.py - ln 107 -   i = 1/6...
2020-02-12 18:46:49,638 - parameter_swing.py - ln 109 -     j = 1/5...
2020-02-12 18:46:49,934 - parameter_swing.py - ln 109 -     j = 2/5...
2020-02-12 18:46:50,246 - parameter_swing.py - ln 109 -     j = 3/5...
2020-02-12 18:46:50,573 - parameter_swing.py - ln 109 -     j = 4/5...
2020-02-12 18:46:50,846 - parameter_swing.py - ln 109 -     j = 5/5...
2020-02-12 18:46:51,156 - parameter_swing.py - ln 107 -   i = 2/6...
2020-02-12 18:46:51,156 - parameter_swing.py - ln 109 -     j = 1/5...
2020-02-12 18:46:51,422 - parameter_swing.py - ln 109 -     j = 2/5...
2020-02-12 18:46:51,748 - parameter_swing.py - ln 109 -     j = 3/5...
2020-02-12 18:46:52,066 - parameter_swing.py - ln 109 -     j = 4/5...
2020-02-12 18:46:52,414 - parameter_swing.py - ln 109 -     j = 5/5...
2020-02-12 18:46:52,735 - parameter_swing.py - ln 107 -   i = 3/6...
2020-02-12 18:46:52,735 - parameter_swing.py - ln 109 -     j = 1/5...
2020-02-12 18:46:53,290 - parameter_swing.py - ln 109 -     j = 2/5...
2020-02-12 18:46:53,638 - parameter_swing.py - ln 109 -     j = 3/5...
2020-02-12 18:46:53,946 - parameter_swing.py - ln 109 -     j = 4/5...
2020-02-12 18:46:54,248 - parameter_swing.py - ln 109 -     j = 5/5...
2020-02-12 18:46:54,575 - parameter_swing.py - ln 107 -   i = 4/6...
2020-02-12 18:46:54,575 - parameter_swing.py - ln 109 -     j = 1/5...
2020-02-12 18:46:54,911 - parameter_swing.py - ln 109 -     j = 2/5...
2020-02-12 18:46:55,237 - parameter_swing.py - ln 109 -     j = 3/5...
2020-02-12 18:46:55,548 - parameter_swing.py - ln 109 -     j = 4/5...
2020-02-12 18:46:55,868 - parameter_swing.py - ln 109 -     j = 5/5...
2020-02-12 18:46:56,161 - parameter_swing.py - ln 107 -   i = 5/6...
2020-02-12 18:46:56,161 - parameter_swing.py - ln 109 -     j = 1/5...
2020-02-12 18:46:56,446 - parameter_swing.py - ln 109 -     j = 2/5...
2020-02-12 18:46:56,768 - parameter_swing.py - ln 109 -     j = 3/5...
2020-02-12 18:46:57,065 - parameter_swing.py - ln 109 -     j = 4/5...
2020-02-12 18:46:57,383 - parameter_swing.py - ln 109 -     j = 5/5...
2020-02-12 18:46:57,704 - parameter_swing.py - ln 107 -   i = 6/6...
2020-02-12 18:46:57,704 - parameter_swing.py - ln 109 -     j = 1/5...
2020-02-12 18:46:58,026 - parameter_swing.py - ln 109 -     j = 2/5...
2020-02-12 18:46:58,337 - parameter_swing.py - ln 109 -     j = 3/5...
2020-02-12 18:46:58,638 - parameter_swing.py - ln 109 -     j = 4/5...
2020-02-12 18:46:58,961 - parameter_swing.py - ln 109 -     j = 5/5...
